2022-08-14 19:10:15,300 INFO org.springframework.boot.StartupInfoLogger [main] Starting BudgetApplication using Java 17.0.3 on jannet-K56CM with PID 16528 (/home/jannet/IdeaProjects/sandboxTeam3A/rest/target/classes started by jannet in /home/jannet/IdeaProjects/sandboxTeam3A)
2022-08-14 19:10:15,306 INFO org.springframework.boot.SpringApplication [main] No active profile set, falling back to 1 default profile: "default"
2022-08-14 19:10:16,387 INFO org.springframework.data.repository.config.RepositoryConfigurationDelegate [main] Bootstrapping Spring Data JPA repositories in DEFAULT mode.
2022-08-14 19:10:16,525 INFO org.springframework.data.repository.config.RepositoryConfigurationDelegate [main] Finished Spring Data repository scanning in 127 ms. Found 7 JPA repository interfaces.
2022-08-14 19:10:17,633 INFO org.springframework.boot.web.embedded.tomcat.TomcatWebServer [main] Tomcat initialized with port(s): 8080 (http)
2022-08-14 19:10:17,655 INFO org.apache.juli.logging.DirectJDKLog [main] Initializing ProtocolHandler ["http-nio-8080"]
2022-08-14 19:10:17,656 INFO org.apache.juli.logging.DirectJDKLog [main] Starting service [Tomcat]
2022-08-14 19:10:17,656 INFO org.apache.juli.logging.DirectJDKLog [main] Starting Servlet engine: [Apache Tomcat/9.0.64]
2022-08-14 19:10:17,766 INFO org.apache.juli.logging.DirectJDKLog [main] Initializing Spring embedded WebApplicationContext
2022-08-14 19:10:17,767 INFO org.springframework.boot.web.servlet.context.ServletWebServerApplicationContext [main] Root WebApplicationContext: initialization completed in 2327 ms
2022-08-14 19:10:18,068 INFO org.hibernate.jpa.internal.util.LogHelper [main] HHH000204: Processing PersistenceUnitInfo [
	name: default
	...]
2022-08-14 19:10:18,154 INFO org.hibernate.Version [main] HHH000412: Hibernate Core {5.4.0.Final}
2022-08-14 19:10:18,157 INFO org.hibernate.cfg.Environment [main] HHH000206: hibernate.properties not found
2022-08-14 19:10:18,418 INFO org.hibernate.annotations.common.reflection.java.JavaReflectionManager [main] HCANN000001: Hibernate Commons Annotations {5.1.0.Final}
2022-08-14 19:10:18,545 INFO com.zaxxer.hikari.HikariDataSource [main] HikariPool-1 - Starting...
2022-08-14 19:10:18,971 INFO com.zaxxer.hikari.HikariDataSource [main] HikariPool-1 - Start completed.
2022-08-14 19:10:18,991 INFO org.hibernate.dialect.Dialect [main] HHH000400: Using dialect: org.hibernate.dialect.PostgreSQLDialect
2022-08-14 19:10:19,114 INFO org.hibernate.type.BasicTypeRegistry [main] HHH000270: Type registration [java.util.UUID] overrides previous : org.hibernate.type.UUIDBinaryType@14201a90
2022-08-14 19:10:20,009 INFO org.hibernate.engine.transaction.jta.platform.internal.JtaPlatformInitiator [main] HHH000490: Using JtaPlatform implementation: [org.hibernate.engine.transaction.jta.platform.internal.NoJtaPlatform]
2022-08-14 19:10:20,011 INFO org.springframework.orm.jpa.AbstractEntityManagerFactoryBean [main] Initialized JPA EntityManagerFactory for persistence unit 'default'
2022-08-14 19:10:20,922 INFO org.hibernate.hql.internal.QueryTranslatorFactoryInitiator [main] HHH000397: Using ASTQueryTranslatorFactory
2022-08-14 19:10:21,105 INFO org.apache.juli.logging.DirectJDKLog [main] Starting ProtocolHandler ["http-nio-8080"]
2022-08-14 19:10:21,110 WARN org.springframework.context.support.AbstractApplicationContext [main] Exception encountered during context initialization - cancelling refresh attempt: org.springframework.context.ApplicationContextException: Failed to start bean 'webServerStartStop'; nested exception is org.springframework.boot.web.server.PortInUseException: Port 8080 is already in use
2022-08-14 19:10:21,113 INFO org.springframework.orm.jpa.AbstractEntityManagerFactoryBean [main] Closing JPA EntityManagerFactory for persistence unit 'default'
2022-08-14 19:10:21,115 INFO com.zaxxer.hikari.HikariDataSource [main] HikariPool-1 - Shutdown initiated...
2022-08-14 19:10:21,134 INFO com.zaxxer.hikari.HikariDataSource [main] HikariPool-1 - Shutdown completed.
2022-08-14 19:10:21,136 INFO org.apache.juli.logging.DirectJDKLog [main] Pausing ProtocolHandler ["http-nio-8080"]
2022-08-14 19:10:21,138 INFO org.apache.juli.logging.DirectJDKLog [main] Stopping service [Tomcat]
2022-08-14 19:10:21,143 INFO org.apache.juli.logging.DirectJDKLog [main] Stopping ProtocolHandler ["http-nio-8080"]
2022-08-14 19:10:21,144 INFO org.apache.juli.logging.DirectJDKLog [main] Destroying ProtocolHandler ["http-nio-8080"]
2022-08-14 19:10:21,160 INFO org.springframework.boot.autoconfigure.logging.ConditionEvaluationReportLoggingListener [main] 

Error starting ApplicationContext. To display the conditions report re-run your application with 'debug' enabled.
2022-08-14 19:10:21,184 ERROR org.springframework.boot.diagnostics.LoggingFailureAnalysisReporter [main] 

***************************
APPLICATION FAILED TO START
***************************

Description:

Web server failed to start. Port 8080 was already in use.

Action:

Identify and stop the process that's listening on port 8080 or configure this application to listen on another port.

2022-08-14 19:11:11,334 INFO org.springframework.boot.StartupInfoLogger [main] Starting BudgetApplication using Java 17.0.3 on jannet-K56CM with PID 16819 (/home/jannet/IdeaProjects/sandboxTeam3A/rest/target/classes started by jannet in /home/jannet/IdeaProjects/sandboxTeam3A)
2022-08-14 19:11:11,344 INFO org.springframework.boot.SpringApplication [main] No active profile set, falling back to 1 default profile: "default"
2022-08-14 19:11:12,323 INFO org.springframework.data.repository.config.RepositoryConfigurationDelegate [main] Bootstrapping Spring Data JPA repositories in DEFAULT mode.
2022-08-14 19:11:12,453 INFO org.springframework.data.repository.config.RepositoryConfigurationDelegate [main] Finished Spring Data repository scanning in 119 ms. Found 7 JPA repository interfaces.
2022-08-14 19:11:13,568 INFO org.springframework.boot.web.embedded.tomcat.TomcatWebServer [main] Tomcat initialized with port(s): 8080 (http)
2022-08-14 19:11:13,579 INFO org.apache.juli.logging.DirectJDKLog [main] Initializing ProtocolHandler ["http-nio-8080"]
2022-08-14 19:11:13,579 INFO org.apache.juli.logging.DirectJDKLog [main] Starting service [Tomcat]
2022-08-14 19:11:13,580 INFO org.apache.juli.logging.DirectJDKLog [main] Starting Servlet engine: [Apache Tomcat/9.0.64]
2022-08-14 19:11:13,710 INFO org.apache.juli.logging.DirectJDKLog [main] Initializing Spring embedded WebApplicationContext
2022-08-14 19:11:13,711 INFO org.springframework.boot.web.servlet.context.ServletWebServerApplicationContext [main] Root WebApplicationContext: initialization completed in 2252 ms
2022-08-14 19:11:13,990 INFO org.hibernate.jpa.internal.util.LogHelper [main] HHH000204: Processing PersistenceUnitInfo [
	name: default
	...]
2022-08-14 19:11:14,084 INFO org.hibernate.Version [main] HHH000412: Hibernate Core {5.4.0.Final}
2022-08-14 19:11:14,086 INFO org.hibernate.cfg.Environment [main] HHH000206: hibernate.properties not found
2022-08-14 19:11:14,369 INFO org.hibernate.annotations.common.reflection.java.JavaReflectionManager [main] HCANN000001: Hibernate Commons Annotations {5.1.0.Final}
2022-08-14 19:11:14,483 INFO com.zaxxer.hikari.HikariDataSource [main] HikariPool-1 - Starting...
2022-08-14 19:11:14,866 INFO com.zaxxer.hikari.HikariDataSource [main] HikariPool-1 - Start completed.
2022-08-14 19:11:14,890 INFO org.hibernate.dialect.Dialect [main] HHH000400: Using dialect: org.hibernate.dialect.PostgreSQLDialect
2022-08-14 19:11:15,042 INFO org.hibernate.type.BasicTypeRegistry [main] HHH000270: Type registration [java.util.UUID] overrides previous : org.hibernate.type.UUIDBinaryType@76134b9b
2022-08-14 19:11:15,966 INFO org.hibernate.engine.transaction.jta.platform.internal.JtaPlatformInitiator [main] HHH000490: Using JtaPlatform implementation: [org.hibernate.engine.transaction.jta.platform.internal.NoJtaPlatform]
2022-08-14 19:11:15,969 INFO org.springframework.orm.jpa.AbstractEntityManagerFactoryBean [main] Initialized JPA EntityManagerFactory for persistence unit 'default'
2022-08-14 19:11:16,844 INFO org.hibernate.hql.internal.QueryTranslatorFactoryInitiator [main] HHH000397: Using ASTQueryTranslatorFactory
2022-08-14 19:11:17,033 INFO org.apache.juli.logging.DirectJDKLog [main] Starting ProtocolHandler ["http-nio-8080"]
2022-08-14 19:11:17,053 INFO org.springframework.boot.web.embedded.tomcat.TomcatWebServer [main] Tomcat started on port(s): 8080 (http) with context path ''
2022-08-14 19:11:17,088 WARN org.springframework.boot.autoconfigure.orm.jpa.JpaBaseConfiguration$JpaWebConfiguration [main] spring.jpa.open-in-view is enabled by default. Therefore, database queries may be performed during view rendering. Explicitly configure spring.jpa.open-in-view to disable this warning
2022-08-14 19:11:17,126 INFO org.springframework.boot.StartupInfoLogger [main] Started BudgetApplication in 6.693 seconds (JVM running for 7.855)
2022-08-14 19:11:42,648 INFO org.apache.juli.logging.DirectJDKLog [http-nio-8080-exec-2] Initializing Spring DispatcherServlet 'dispatcherServlet'
2022-08-14 19:11:42,649 INFO org.springframework.web.servlet.FrameworkServlet [http-nio-8080-exec-2] Initializing Servlet 'dispatcherServlet'
2022-08-14 19:11:42,928 INFO org.springframework.web.servlet.FrameworkServlet [http-nio-8080-exec-2] Completed initialization in 279 ms
2022-08-14 19:11:43,106 INFO org.springframework.security.web.DefaultSecurityFilterChain [http-nio-8080-exec-2] Will secure any request with [org.springframework.security.web.session.DisableEncodeUrlFilter@6e294ae9, org.springframework.security.web.context.request.async.WebAsyncManagerIntegrationFilter@469e4b94, org.springframework.security.web.context.SecurityContextPersistenceFilter@25f11331, org.springframework.security.web.header.HeaderWriterFilter@ca9a38, org.springframework.security.web.authentication.logout.LogoutFilter@3ec2dbbb, com.sandbox.config.jwt.JwtTokenFilter@341df373, org.springframework.security.web.savedrequest.RequestCacheAwareFilter@69abca6a, org.springframework.security.web.servletapi.SecurityContextHolderAwareRequestFilter@3777c9c7, org.springframework.security.web.authentication.AnonymousAuthenticationFilter@2c0ee9f0, org.springframework.security.web.session.SessionManagementFilter@371c6a68, org.springframework.security.web.access.ExceptionTranslationFilter@74b63a59]
2022-08-14 19:12:05,458 INFO org.hibernate.jpa.internal.util.LogHelper [http-nio-8080-exec-3] HHH000204: Processing PersistenceUnitInfo [
	name: persistenceUnitName
	...]
2022-08-14 19:12:05,517 WARN org.hibernate.engine.jdbc.connections.internal.DriverManagerConnectionProviderImpl [http-nio-8080-exec-3] HHH10001002: Using Hibernate built-in connection pool (not for production use!)
2022-08-14 19:12:05,518 INFO org.hibernate.engine.jdbc.connections.internal.DriverManagerConnectionProviderImpl [http-nio-8080-exec-3] HHH10001005: using driver [null] at URL [jdbc:postgresql://localhost:5432/budget]
2022-08-14 19:12:05,519 INFO org.hibernate.engine.jdbc.connections.internal.DriverManagerConnectionProviderImpl [http-nio-8080-exec-3] HHH10001001: Connection properties: {password=****, user=postgres}
2022-08-14 19:12:05,519 INFO org.hibernate.engine.jdbc.connections.internal.DriverManagerConnectionProviderImpl [http-nio-8080-exec-3] HHH10001003: Autocommit mode: false
2022-08-14 19:12:05,522 INFO org.hibernate.engine.jdbc.connections.internal.DriverManagerConnectionProviderImpl$PooledConnections [http-nio-8080-exec-3] HHH000115: Hibernate connection pool size: 20 (min=1)
2022-08-14 19:12:05,572 INFO org.hibernate.dialect.Dialect [http-nio-8080-exec-3] HHH000400: Using dialect: org.hibernate.dialect.PostgreSQL95Dialect
2022-08-14 19:12:05,610 INFO org.hibernate.type.BasicTypeRegistry [http-nio-8080-exec-3] HHH000270: Type registration [java.util.UUID] overrides previous : org.hibernate.type.UUIDBinaryType@76134b9b
2022-08-14 19:12:05,639 INFO org.hibernate.resource.transaction.backend.jdbc.internal.DdlTransactionIsolatorNonJtaImpl [http-nio-8080-exec-3] HHH10001501: Connection obtained from JdbcConnectionAccess [org.hibernate.engine.jdbc.env.internal.JdbcEnvironmentInitiator$ConnectionProviderJdbcConnectionAccess@7e2af78b] for (non-JTA) DDL execution was not in auto-commit mode; the Connection 'local transaction' will be committed and the Connection will be set into auto-commit mode.
2022-08-14 19:12:05,668 INFO org.hibernate.engine.transaction.jta.platform.internal.JtaPlatformInitiator [http-nio-8080-exec-3] HHH000490: Using JtaPlatform implementation: [org.hibernate.engine.transaction.jta.platform.internal.NoJtaPlatform]
2022-08-14 19:12:47,452 ERROR com.sandbox.exception.handler.RestControllerAdviceHandler [http-nio-8080-exec-3] Server exception: class java.lang.String cannot be cast to class org.springframework.security.core.userdetails.UserDetails (java.lang.String is in module java.base of loader 'bootstrap'; org.springframework.security.core.userdetails.UserDetails is in unnamed module of loader 'app')
2022-08-14 19:14:30,535 WARN com.zaxxer.hikari.pool.HikariPool$HouseKeeper [HikariPool-1 housekeeper] HikariPool-1 - Thread starvation or clock leap detected (housekeeper delta=1m5s459ms684µs729ns).
2022-08-14 19:16:04,331 INFO org.springframework.orm.jpa.AbstractEntityManagerFactoryBean [SpringApplicationShutdownHook] Closing JPA EntityManagerFactory for persistence unit 'default'
2022-08-14 19:16:04,333 INFO com.zaxxer.hikari.HikariDataSource [SpringApplicationShutdownHook] HikariPool-1 - Shutdown initiated...
2022-08-14 19:16:04,347 INFO com.zaxxer.hikari.HikariDataSource [SpringApplicationShutdownHook] HikariPool-1 - Shutdown completed.
2022-08-14 19:16:11,679 INFO org.springframework.boot.StartupInfoLogger [main] Starting BudgetApplication using Java 17.0.3 on jannet-K56CM with PID 17216 (/home/jannet/IdeaProjects/sandboxTeam3A/rest/target/classes started by jannet in /home/jannet/IdeaProjects/sandboxTeam3A)
2022-08-14 19:16:11,688 INFO org.springframework.boot.SpringApplication [main] No active profile set, falling back to 1 default profile: "default"
2022-08-14 19:16:12,774 INFO org.springframework.data.repository.config.RepositoryConfigurationDelegate [main] Bootstrapping Spring Data JPA repositories in DEFAULT mode.
2022-08-14 19:16:12,909 INFO org.springframework.data.repository.config.RepositoryConfigurationDelegate [main] Finished Spring Data repository scanning in 122 ms. Found 7 JPA repository interfaces.
2022-08-14 19:16:13,986 INFO org.springframework.boot.web.embedded.tomcat.TomcatWebServer [main] Tomcat initialized with port(s): 8080 (http)
2022-08-14 19:16:13,997 INFO org.apache.juli.logging.DirectJDKLog [main] Initializing ProtocolHandler ["http-nio-8080"]
2022-08-14 19:16:13,998 INFO org.apache.juli.logging.DirectJDKLog [main] Starting service [Tomcat]
2022-08-14 19:16:13,998 INFO org.apache.juli.logging.DirectJDKLog [main] Starting Servlet engine: [Apache Tomcat/9.0.64]
2022-08-14 19:16:14,099 INFO org.apache.juli.logging.DirectJDKLog [main] Initializing Spring embedded WebApplicationContext
2022-08-14 19:16:14,099 INFO org.springframework.boot.web.servlet.context.ServletWebServerApplicationContext [main] Root WebApplicationContext: initialization completed in 2304 ms
2022-08-14 19:16:14,372 INFO org.hibernate.jpa.internal.util.LogHelper [main] HHH000204: Processing PersistenceUnitInfo [
	name: default
	...]
2022-08-14 19:16:14,445 INFO org.hibernate.Version [main] HHH000412: Hibernate Core {5.4.0.Final}
2022-08-14 19:16:14,447 INFO org.hibernate.cfg.Environment [main] HHH000206: hibernate.properties not found
2022-08-14 19:16:14,685 INFO org.hibernate.annotations.common.reflection.java.JavaReflectionManager [main] HCANN000001: Hibernate Commons Annotations {5.1.0.Final}
2022-08-14 19:16:14,810 INFO com.zaxxer.hikari.HikariDataSource [main] HikariPool-1 - Starting...
2022-08-14 19:16:15,202 INFO com.zaxxer.hikari.HikariDataSource [main] HikariPool-1 - Start completed.
2022-08-14 19:16:15,233 INFO org.hibernate.dialect.Dialect [main] HHH000400: Using dialect: org.hibernate.dialect.PostgreSQLDialect
2022-08-14 19:16:15,402 INFO org.hibernate.type.BasicTypeRegistry [main] HHH000270: Type registration [java.util.UUID] overrides previous : org.hibernate.type.UUIDBinaryType@1131aead
2022-08-14 19:16:16,262 INFO org.hibernate.engine.transaction.jta.platform.internal.JtaPlatformInitiator [main] HHH000490: Using JtaPlatform implementation: [org.hibernate.engine.transaction.jta.platform.internal.NoJtaPlatform]
2022-08-14 19:16:16,266 INFO org.springframework.orm.jpa.AbstractEntityManagerFactoryBean [main] Initialized JPA EntityManagerFactory for persistence unit 'default'
2022-08-14 19:16:17,017 INFO org.hibernate.hql.internal.QueryTranslatorFactoryInitiator [main] HHH000397: Using ASTQueryTranslatorFactory
2022-08-14 19:16:17,331 INFO org.apache.juli.logging.DirectJDKLog [main] Starting ProtocolHandler ["http-nio-8080"]
2022-08-14 19:16:17,348 INFO org.springframework.boot.web.embedded.tomcat.TomcatWebServer [main] Tomcat started on port(s): 8080 (http) with context path ''
2022-08-14 19:16:17,370 WARN org.springframework.boot.autoconfigure.orm.jpa.JpaBaseConfiguration$JpaWebConfiguration [main] spring.jpa.open-in-view is enabled by default. Therefore, database queries may be performed during view rendering. Explicitly configure spring.jpa.open-in-view to disable this warning
2022-08-14 19:16:17,399 INFO org.springframework.boot.StartupInfoLogger [main] Started BudgetApplication in 6.753 seconds (JVM running for 8.075)
2022-08-14 19:16:34,410 INFO org.apache.juli.logging.DirectJDKLog [http-nio-8080-exec-2] Initializing Spring DispatcherServlet 'dispatcherServlet'
2022-08-14 19:16:34,411 INFO org.springframework.web.servlet.FrameworkServlet [http-nio-8080-exec-2] Initializing Servlet 'dispatcherServlet'
2022-08-14 19:16:34,641 INFO org.springframework.web.servlet.FrameworkServlet [http-nio-8080-exec-2] Completed initialization in 230 ms
2022-08-14 19:16:34,809 INFO org.springframework.security.web.DefaultSecurityFilterChain [http-nio-8080-exec-2] Will secure any request with [org.springframework.security.web.session.DisableEncodeUrlFilter@456f617a, org.springframework.security.web.context.request.async.WebAsyncManagerIntegrationFilter@65981d88, org.springframework.security.web.context.SecurityContextPersistenceFilter@3ec2dbbb, org.springframework.security.web.header.HeaderWriterFilter@6df4b24, org.springframework.security.web.authentication.logout.LogoutFilter@62c843fc, com.sandbox.config.jwt.JwtTokenFilter@6c96346b, org.springframework.security.web.savedrequest.RequestCacheAwareFilter@25b1c9e3, org.springframework.security.web.servletapi.SecurityContextHolderAwareRequestFilter@17f7924c, org.springframework.security.web.authentication.AnonymousAuthenticationFilter@64a0b24a, org.springframework.security.web.session.SessionManagementFilter@9424440, org.springframework.security.web.access.ExceptionTranslationFilter@31ceb36b]
2022-08-14 19:16:57,997 INFO org.hibernate.jpa.internal.util.LogHelper [http-nio-8080-exec-3] HHH000204: Processing PersistenceUnitInfo [
	name: persistenceUnitName
	...]
2022-08-14 19:16:58,044 WARN org.hibernate.engine.jdbc.connections.internal.DriverManagerConnectionProviderImpl [http-nio-8080-exec-3] HHH10001002: Using Hibernate built-in connection pool (not for production use!)
2022-08-14 19:16:58,046 INFO org.hibernate.engine.jdbc.connections.internal.DriverManagerConnectionProviderImpl [http-nio-8080-exec-3] HHH10001005: using driver [null] at URL [jdbc:postgresql://localhost:5432/budget]
2022-08-14 19:16:58,047 INFO org.hibernate.engine.jdbc.connections.internal.DriverManagerConnectionProviderImpl [http-nio-8080-exec-3] HHH10001001: Connection properties: {password=****, user=postgres}
2022-08-14 19:16:58,047 INFO org.hibernate.engine.jdbc.connections.internal.DriverManagerConnectionProviderImpl [http-nio-8080-exec-3] HHH10001003: Autocommit mode: false
2022-08-14 19:16:58,050 INFO org.hibernate.engine.jdbc.connections.internal.DriverManagerConnectionProviderImpl$PooledConnections [http-nio-8080-exec-3] HHH000115: Hibernate connection pool size: 20 (min=1)
2022-08-14 19:16:58,098 INFO org.hibernate.dialect.Dialect [http-nio-8080-exec-3] HHH000400: Using dialect: org.hibernate.dialect.PostgreSQL95Dialect
2022-08-14 19:16:58,137 INFO org.hibernate.type.BasicTypeRegistry [http-nio-8080-exec-3] HHH000270: Type registration [java.util.UUID] overrides previous : org.hibernate.type.UUIDBinaryType@1131aead
2022-08-14 19:16:58,164 INFO org.hibernate.resource.transaction.backend.jdbc.internal.DdlTransactionIsolatorNonJtaImpl [http-nio-8080-exec-3] HHH10001501: Connection obtained from JdbcConnectionAccess [org.hibernate.engine.jdbc.env.internal.JdbcEnvironmentInitiator$ConnectionProviderJdbcConnectionAccess@7e2af78b] for (non-JTA) DDL execution was not in auto-commit mode; the Connection 'local transaction' will be committed and the Connection will be set into auto-commit mode.
2022-08-14 19:16:58,190 INFO org.hibernate.engine.transaction.jta.platform.internal.JtaPlatformInitiator [http-nio-8080-exec-3] HHH000490: Using JtaPlatform implementation: [org.hibernate.engine.transaction.jta.platform.internal.NoJtaPlatform]
2022-08-14 19:18:31,708 WARN com.zaxxer.hikari.pool.HikariPool$HouseKeeper [HikariPool-1 housekeeper] HikariPool-1 - Thread starvation or clock leap detected (housekeeper delta=1m8s90ms943µs67ns).
2022-08-14 19:20:05,930 WARN com.zaxxer.hikari.pool.HikariPool$HouseKeeper [HikariPool-1 housekeeper] HikariPool-1 - Thread starvation or clock leap detected (housekeeper delta=1m34s222ms579µs980ns).
2022-08-14 19:20:05,937 ERROR com.sandbox.exception.handler.RestControllerAdviceHandler [http-nio-8080-exec-3] Server exception: class java.lang.String cannot be cast to class org.springframework.security.core.userdetails.UserDetails (java.lang.String is in module java.base of loader 'bootstrap'; org.springframework.security.core.userdetails.UserDetails is in unnamed module of loader 'app')
2022-08-14 19:20:06,013 INFO org.springframework.orm.jpa.AbstractEntityManagerFactoryBean [SpringApplicationShutdownHook] Closing JPA EntityManagerFactory for persistence unit 'default'
2022-08-14 19:20:06,018 INFO com.zaxxer.hikari.HikariDataSource [SpringApplicationShutdownHook] HikariPool-1 - Shutdown initiated...
2022-08-14 19:20:06,050 INFO com.zaxxer.hikari.HikariDataSource [SpringApplicationShutdownHook] HikariPool-1 - Shutdown completed.
2022-08-14 19:22:16,323 INFO org.springframework.boot.StartupInfoLogger [main] Starting BudgetApplication using Java 17.0.3 on jannet-K56CM with PID 17584 (/home/jannet/IdeaProjects/sandboxTeam3A/rest/target/classes started by jannet in /home/jannet/IdeaProjects/sandboxTeam3A)
2022-08-14 19:22:16,340 INFO org.springframework.boot.SpringApplication [main] No active profile set, falling back to 1 default profile: "default"
2022-08-14 19:22:17,581 INFO org.springframework.data.repository.config.RepositoryConfigurationDelegate [main] Bootstrapping Spring Data JPA repositories in DEFAULT mode.
2022-08-14 19:22:17,714 INFO org.springframework.data.repository.config.RepositoryConfigurationDelegate [main] Finished Spring Data repository scanning in 122 ms. Found 7 JPA repository interfaces.
2022-08-14 19:22:18,773 INFO org.springframework.boot.web.embedded.tomcat.TomcatWebServer [main] Tomcat initialized with port(s): 8080 (http)
2022-08-14 19:22:18,784 INFO org.apache.juli.logging.DirectJDKLog [main] Initializing ProtocolHandler ["http-nio-8080"]
2022-08-14 19:22:18,785 INFO org.apache.juli.logging.DirectJDKLog [main] Starting service [Tomcat]
2022-08-14 19:22:18,785 INFO org.apache.juli.logging.DirectJDKLog [main] Starting Servlet engine: [Apache Tomcat/9.0.64]
2022-08-14 19:22:18,893 INFO org.apache.juli.logging.DirectJDKLog [main] Initializing Spring embedded WebApplicationContext
2022-08-14 19:22:18,894 INFO org.springframework.boot.web.servlet.context.ServletWebServerApplicationContext [main] Root WebApplicationContext: initialization completed in 2385 ms
2022-08-14 19:22:19,189 INFO org.hibernate.jpa.internal.util.LogHelper [main] HHH000204: Processing PersistenceUnitInfo [
	name: default
	...]
2022-08-14 19:22:19,260 INFO org.hibernate.Version [main] HHH000412: Hibernate Core {5.4.0.Final}
2022-08-14 19:22:19,262 INFO org.hibernate.cfg.Environment [main] HHH000206: hibernate.properties not found
2022-08-14 19:22:19,485 INFO org.hibernate.annotations.common.reflection.java.JavaReflectionManager [main] HCANN000001: Hibernate Commons Annotations {5.1.0.Final}
2022-08-14 19:22:19,629 INFO com.zaxxer.hikari.HikariDataSource [main] HikariPool-1 - Starting...
2022-08-14 19:22:20,051 INFO com.zaxxer.hikari.HikariDataSource [main] HikariPool-1 - Start completed.
2022-08-14 19:22:20,071 INFO org.hibernate.dialect.Dialect [main] HHH000400: Using dialect: org.hibernate.dialect.PostgreSQLDialect
2022-08-14 19:22:20,198 INFO org.hibernate.type.BasicTypeRegistry [main] HHH000270: Type registration [java.util.UUID] overrides previous : org.hibernate.type.UUIDBinaryType@76134b9b
2022-08-14 19:22:21,045 INFO org.hibernate.engine.transaction.jta.platform.internal.JtaPlatformInitiator [main] HHH000490: Using JtaPlatform implementation: [org.hibernate.engine.transaction.jta.platform.internal.NoJtaPlatform]
2022-08-14 19:22:21,049 INFO org.springframework.orm.jpa.AbstractEntityManagerFactoryBean [main] Initialized JPA EntityManagerFactory for persistence unit 'default'
2022-08-14 19:22:21,935 INFO org.hibernate.hql.internal.QueryTranslatorFactoryInitiator [main] HHH000397: Using ASTQueryTranslatorFactory
2022-08-14 19:22:22,130 INFO org.apache.juli.logging.DirectJDKLog [main] Starting ProtocolHandler ["http-nio-8080"]
2022-08-14 19:22:22,156 INFO org.springframework.boot.web.embedded.tomcat.TomcatWebServer [main] Tomcat started on port(s): 8080 (http) with context path ''
2022-08-14 19:22:22,184 WARN org.springframework.boot.autoconfigure.orm.jpa.JpaBaseConfiguration$JpaWebConfiguration [main] spring.jpa.open-in-view is enabled by default. Therefore, database queries may be performed during view rendering. Explicitly configure spring.jpa.open-in-view to disable this warning
2022-08-14 19:22:22,220 INFO org.springframework.boot.StartupInfoLogger [main] Started BudgetApplication in 7.03 seconds (JVM running for 8.355)
2022-08-14 19:22:43,126 INFO org.apache.juli.logging.DirectJDKLog [http-nio-8080-exec-2] Initializing Spring DispatcherServlet 'dispatcherServlet'
2022-08-14 19:22:43,126 INFO org.springframework.web.servlet.FrameworkServlet [http-nio-8080-exec-2] Initializing Servlet 'dispatcherServlet'
2022-08-14 19:22:43,351 INFO org.springframework.web.servlet.FrameworkServlet [http-nio-8080-exec-2] Completed initialization in 224 ms
2022-08-14 19:22:43,536 INFO org.springframework.security.web.DefaultSecurityFilterChain [http-nio-8080-exec-2] Will secure any request with [org.springframework.security.web.session.DisableEncodeUrlFilter@14e0ac07, org.springframework.security.web.context.request.async.WebAsyncManagerIntegrationFilter@463f43f2, org.springframework.security.web.context.SecurityContextPersistenceFilter@3743079c, org.springframework.security.web.header.HeaderWriterFilter@5e044f8, org.springframework.security.web.authentication.logout.LogoutFilter@1f49a889, com.sandbox.config.jwt.JwtTokenFilter@341df373, org.springframework.security.web.savedrequest.RequestCacheAwareFilter@ca0d25a, org.springframework.security.web.servletapi.SecurityContextHolderAwareRequestFilter@278fb7e5, org.springframework.security.web.authentication.AnonymousAuthenticationFilter@747bdf05, org.springframework.security.web.session.SessionManagementFilter@3f09c9fa, org.springframework.security.web.access.ExceptionTranslationFilter@f278fe6]
2022-08-14 19:24:10,629 ERROR org.apache.juli.logging.DirectJDKLog [http-nio-8080-exec-6] Servlet.service() for servlet [dispatcherServlet] in context with path [] threw exception
io.jsonwebtoken.ExpiredJwtException: JWT expired at 2022-08-11T17:51:09Z. Current time: 2022-08-14T16:24:10Z, a difference of 253981625 milliseconds.  Allowed clock skew: 0 milliseconds.
	at io.jsonwebtoken.impl.DefaultJwtParser.parse(DefaultJwtParser.java:427)
	at io.jsonwebtoken.impl.DefaultJwtParser.parse(DefaultJwtParser.java:529)
	at io.jsonwebtoken.impl.DefaultJwtParser.parseClaimsJws(DefaultJwtParser.java:589)
	at com.sandbox.config.jwt.JwtTokenProvider.validateToken(JwtTokenProvider.java:62)
	at com.sandbox.config.jwt.JwtTokenFilter.doFilter(JwtTokenFilter.java:27)
	at org.springframework.security.web.FilterChainProxy$VirtualFilterChain.doFilter(FilterChainProxy.java:336)
	at org.springframework.security.web.authentication.logout.LogoutFilter.doFilter(LogoutFilter.java:103)
	at org.springframework.security.web.authentication.logout.LogoutFilter.doFilter(LogoutFilter.java:89)
	at org.springframework.security.web.FilterChainProxy$VirtualFilterChain.doFilter(FilterChainProxy.java:336)
	at org.springframework.security.web.header.HeaderWriterFilter.doHeadersAfter(HeaderWriterFilter.java:90)
	at org.springframework.security.web.header.HeaderWriterFilter.doFilterInternal(HeaderWriterFilter.java:75)
	at org.springframework.web.filter.OncePerRequestFilter.doFilter(OncePerRequestFilter.java:117)
	at org.springframework.security.web.FilterChainProxy$VirtualFilterChain.doFilter(FilterChainProxy.java:336)
	at org.springframework.security.web.context.SecurityContextPersistenceFilter.doFilter(SecurityContextPersistenceFilter.java:112)
	at org.springframework.security.web.context.SecurityContextPersistenceFilter.doFilter(SecurityContextPersistenceFilter.java:82)
	at org.springframework.security.web.FilterChainProxy$VirtualFilterChain.doFilter(FilterChainProxy.java:336)
	at org.springframework.security.web.context.request.async.WebAsyncManagerIntegrationFilter.doFilterInternal(WebAsyncManagerIntegrationFilter.java:55)
	at org.springframework.web.filter.OncePerRequestFilter.doFilter(OncePerRequestFilter.java:117)
	at org.springframework.security.web.FilterChainProxy$VirtualFilterChain.doFilter(FilterChainProxy.java:336)
	at org.springframework.security.web.session.DisableEncodeUrlFilter.doFilterInternal(DisableEncodeUrlFilter.java:42)
	at org.springframework.web.filter.OncePerRequestFilter.doFilter(OncePerRequestFilter.java:117)
	at org.springframework.security.web.FilterChainProxy$VirtualFilterChain.doFilter(FilterChainProxy.java:336)
	at org.springframework.security.web.FilterChainProxy.doFilterInternal(FilterChainProxy.java:211)
	at org.springframework.security.web.FilterChainProxy.doFilter(FilterChainProxy.java:183)
	at org.springframework.web.filter.DelegatingFilterProxy.invokeDelegate(DelegatingFilterProxy.java:354)
	at org.springframework.web.filter.DelegatingFilterProxy.doFilter(DelegatingFilterProxy.java:267)
	at org.apache.catalina.core.ApplicationFilterChain.internalDoFilter(ApplicationFilterChain.java:189)
	at org.apache.catalina.core.ApplicationFilterChain.doFilter(ApplicationFilterChain.java:162)
	at org.springframework.web.filter.CharacterEncodingFilter.doFilterInternal(CharacterEncodingFilter.java:201)
	at org.springframework.web.filter.OncePerRequestFilter.doFilter(OncePerRequestFilter.java:117)
	at org.apache.catalina.core.ApplicationFilterChain.internalDoFilter(ApplicationFilterChain.java:189)
	at org.apache.catalina.core.ApplicationFilterChain.doFilter(ApplicationFilterChain.java:162)
	at org.apache.catalina.core.StandardWrapperValve.invoke(StandardWrapperValve.java:197)
	at org.apache.catalina.core.StandardContextValve.invoke(StandardContextValve.java:97)
	at org.apache.catalina.authenticator.AuthenticatorBase.invoke(AuthenticatorBase.java:541)
	at org.apache.catalina.core.StandardHostValve.invoke(StandardHostValve.java:135)
	at org.apache.catalina.valves.ErrorReportValve.invoke(ErrorReportValve.java:92)
	at org.apache.catalina.core.StandardEngineValve.invoke(StandardEngineValve.java:78)
	at org.apache.catalina.connector.CoyoteAdapter.service(CoyoteAdapter.java:360)
	at org.apache.coyote.http11.Http11Processor.service(Http11Processor.java:399)
	at org.apache.coyote.AbstractProcessorLight.process(AbstractProcessorLight.java:65)
	at org.apache.coyote.AbstractProtocol$ConnectionHandler.process(AbstractProtocol.java:890)
	at org.apache.tomcat.util.net.NioEndpoint$SocketProcessor.doRun(NioEndpoint.java:1787)
	at org.apache.tomcat.util.net.SocketProcessorBase.run(SocketProcessorBase.java:49)
	at org.apache.tomcat.util.threads.ThreadPoolExecutor.runWorker(ThreadPoolExecutor.java:1191)
	at org.apache.tomcat.util.threads.ThreadPoolExecutor$Worker.run(ThreadPoolExecutor.java:659)
	at org.apache.tomcat.util.threads.TaskThread$WrappingRunnable.run(TaskThread.java:61)
	at java.base/java.lang.Thread.run(Thread.java:833)
2022-08-14 19:24:10,634 ERROR org.apache.juli.logging.DirectJDKLog [http-nio-8080-exec-6] Servlet.service() for servlet [dispatcherServlet] threw exception
io.jsonwebtoken.ExpiredJwtException: JWT expired at 2022-08-11T17:51:09Z. Current time: 2022-08-14T16:24:10Z, a difference of 253981634 milliseconds.  Allowed clock skew: 0 milliseconds.
	at io.jsonwebtoken.impl.DefaultJwtParser.parse(DefaultJwtParser.java:427)
	at io.jsonwebtoken.impl.DefaultJwtParser.parse(DefaultJwtParser.java:529)
	at io.jsonwebtoken.impl.DefaultJwtParser.parseClaimsJws(DefaultJwtParser.java:589)
	at com.sandbox.config.jwt.JwtTokenProvider.validateToken(JwtTokenProvider.java:62)
	at com.sandbox.config.jwt.JwtTokenFilter.doFilter(JwtTokenFilter.java:27)
	at org.springframework.security.web.FilterChainProxy$VirtualFilterChain.doFilter(FilterChainProxy.java:336)
	at org.springframework.security.web.authentication.logout.LogoutFilter.doFilter(LogoutFilter.java:103)
	at org.springframework.security.web.authentication.logout.LogoutFilter.doFilter(LogoutFilter.java:89)
	at org.springframework.security.web.FilterChainProxy$VirtualFilterChain.doFilter(FilterChainProxy.java:336)
	at org.springframework.web.filter.OncePerRequestFilter.doFilter(OncePerRequestFilter.java:102)
	at org.springframework.security.web.FilterChainProxy$VirtualFilterChain.doFilter(FilterChainProxy.java:336)
	at org.springframework.security.web.context.SecurityContextPersistenceFilter.doFilter(SecurityContextPersistenceFilter.java:112)
	at org.springframework.security.web.context.SecurityContextPersistenceFilter.doFilter(SecurityContextPersistenceFilter.java:82)
	at org.springframework.security.web.FilterChainProxy$VirtualFilterChain.doFilter(FilterChainProxy.java:336)
	at org.springframework.web.filter.OncePerRequestFilter.doFilter(OncePerRequestFilter.java:102)
	at org.springframework.security.web.FilterChainProxy$VirtualFilterChain.doFilter(FilterChainProxy.java:336)
	at org.springframework.web.filter.OncePerRequestFilter.doFilter(OncePerRequestFilter.java:102)
	at org.springframework.security.web.FilterChainProxy$VirtualFilterChain.doFilter(FilterChainProxy.java:336)
	at org.springframework.security.web.FilterChainProxy.doFilterInternal(FilterChainProxy.java:211)
	at org.springframework.security.web.FilterChainProxy.doFilter(FilterChainProxy.java:183)
	at org.springframework.web.filter.DelegatingFilterProxy.invokeDelegate(DelegatingFilterProxy.java:354)
	at org.springframework.web.filter.DelegatingFilterProxy.doFilter(DelegatingFilterProxy.java:267)
	at org.apache.catalina.core.ApplicationFilterChain.internalDoFilter(ApplicationFilterChain.java:189)
	at org.apache.catalina.core.ApplicationFilterChain.doFilter(ApplicationFilterChain.java:162)
	at org.springframework.web.filter.OncePerRequestFilter.doFilter(OncePerRequestFilter.java:102)
	at org.apache.catalina.core.ApplicationFilterChain.internalDoFilter(ApplicationFilterChain.java:189)
	at org.apache.catalina.core.ApplicationFilterChain.doFilter(ApplicationFilterChain.java:162)
	at org.apache.catalina.core.ApplicationDispatcher.invoke(ApplicationDispatcher.java:711)
	at org.apache.catalina.core.ApplicationDispatcher.processRequest(ApplicationDispatcher.java:461)
	at org.apache.catalina.core.ApplicationDispatcher.doForward(ApplicationDispatcher.java:385)
	at org.apache.catalina.core.ApplicationDispatcher.forward(ApplicationDispatcher.java:313)
	at org.apache.catalina.core.StandardHostValve.custom(StandardHostValve.java:403)
	at org.apache.catalina.core.StandardHostValve.status(StandardHostValve.java:249)
	at org.apache.catalina.core.StandardHostValve.throwable(StandardHostValve.java:344)
	at org.apache.catalina.core.StandardHostValve.invoke(StandardHostValve.java:169)
	at org.apache.catalina.valves.ErrorReportValve.invoke(ErrorReportValve.java:92)
	at org.apache.catalina.core.StandardEngineValve.invoke(StandardEngineValve.java:78)
	at org.apache.catalina.connector.CoyoteAdapter.service(CoyoteAdapter.java:360)
	at org.apache.coyote.http11.Http11Processor.service(Http11Processor.java:399)
	at org.apache.coyote.AbstractProcessorLight.process(AbstractProcessorLight.java:65)
	at org.apache.coyote.AbstractProtocol$ConnectionHandler.process(AbstractProtocol.java:890)
	at org.apache.tomcat.util.net.NioEndpoint$SocketProcessor.doRun(NioEndpoint.java:1787)
	at org.apache.tomcat.util.net.SocketProcessorBase.run(SocketProcessorBase.java:49)
	at org.apache.tomcat.util.threads.ThreadPoolExecutor.runWorker(ThreadPoolExecutor.java:1191)
	at org.apache.tomcat.util.threads.ThreadPoolExecutor$Worker.run(ThreadPoolExecutor.java:659)
	at org.apache.tomcat.util.threads.TaskThread$WrappingRunnable.run(TaskThread.java:61)
	at java.base/java.lang.Thread.run(Thread.java:833)
2022-08-14 19:24:10,635 ERROR org.apache.juli.logging.DirectJDKLog [http-nio-8080-exec-6] Exception Processing ErrorPage[errorCode=0, location=/error]
io.jsonwebtoken.ExpiredJwtException: JWT expired at 2022-08-11T17:51:09Z. Current time: 2022-08-14T16:24:10Z, a difference of 253981634 milliseconds.  Allowed clock skew: 0 milliseconds.
	at io.jsonwebtoken.impl.DefaultJwtParser.parse(DefaultJwtParser.java:427)
	at io.jsonwebtoken.impl.DefaultJwtParser.parse(DefaultJwtParser.java:529)
	at io.jsonwebtoken.impl.DefaultJwtParser.parseClaimsJws(DefaultJwtParser.java:589)
	at com.sandbox.config.jwt.JwtTokenProvider.validateToken(JwtTokenProvider.java:62)
	at com.sandbox.config.jwt.JwtTokenFilter.doFilter(JwtTokenFilter.java:27)
	at org.springframework.security.web.FilterChainProxy$VirtualFilterChain.doFilter(FilterChainProxy.java:336)
	at org.springframework.security.web.authentication.logout.LogoutFilter.doFilter(LogoutFilter.java:103)
	at org.springframework.security.web.authentication.logout.LogoutFilter.doFilter(LogoutFilter.java:89)
	at org.springframework.security.web.FilterChainProxy$VirtualFilterChain.doFilter(FilterChainProxy.java:336)
	at org.springframework.web.filter.OncePerRequestFilter.doFilter(OncePerRequestFilter.java:102)
	at org.springframework.security.web.FilterChainProxy$VirtualFilterChain.doFilter(FilterChainProxy.java:336)
	at org.springframework.security.web.context.SecurityContextPersistenceFilter.doFilter(SecurityContextPersistenceFilter.java:112)
	at org.springframework.security.web.context.SecurityContextPersistenceFilter.doFilter(SecurityContextPersistenceFilter.java:82)
	at org.springframework.security.web.FilterChainProxy$VirtualFilterChain.doFilter(FilterChainProxy.java:336)
	at org.springframework.web.filter.OncePerRequestFilter.doFilter(OncePerRequestFilter.java:102)
	at org.springframework.security.web.FilterChainProxy$VirtualFilterChain.doFilter(FilterChainProxy.java:336)
	at org.springframework.web.filter.OncePerRequestFilter.doFilter(OncePerRequestFilter.java:102)
	at org.springframework.security.web.FilterChainProxy$VirtualFilterChain.doFilter(FilterChainProxy.java:336)
	at org.springframework.security.web.FilterChainProxy.doFilterInternal(FilterChainProxy.java:211)
	at org.springframework.security.web.FilterChainProxy.doFilter(FilterChainProxy.java:183)
	at org.springframework.web.filter.DelegatingFilterProxy.invokeDelegate(DelegatingFilterProxy.java:354)
	at org.springframework.web.filter.DelegatingFilterProxy.doFilter(DelegatingFilterProxy.java:267)
	at org.apache.catalina.core.ApplicationFilterChain.internalDoFilter(ApplicationFilterChain.java:189)
	at org.apache.catalina.core.ApplicationFilterChain.doFilter(ApplicationFilterChain.java:162)
	at org.springframework.web.filter.OncePerRequestFilter.doFilter(OncePerRequestFilter.java:102)
	at org.apache.catalina.core.ApplicationFilterChain.internalDoFilter(ApplicationFilterChain.java:189)
	at org.apache.catalina.core.ApplicationFilterChain.doFilter(ApplicationFilterChain.java:162)
	at org.apache.catalina.core.ApplicationDispatcher.invoke(ApplicationDispatcher.java:711)
	at org.apache.catalina.core.ApplicationDispatcher.processRequest(ApplicationDispatcher.java:461)
	at org.apache.catalina.core.ApplicationDispatcher.doForward(ApplicationDispatcher.java:385)
	at org.apache.catalina.core.ApplicationDispatcher.forward(ApplicationDispatcher.java:313)
	at org.apache.catalina.core.StandardHostValve.custom(StandardHostValve.java:403)
	at org.apache.catalina.core.StandardHostValve.status(StandardHostValve.java:249)
	at org.apache.catalina.core.StandardHostValve.throwable(StandardHostValve.java:344)
	at org.apache.catalina.core.StandardHostValve.invoke(StandardHostValve.java:169)
	at org.apache.catalina.valves.ErrorReportValve.invoke(ErrorReportValve.java:92)
	at org.apache.catalina.core.StandardEngineValve.invoke(StandardEngineValve.java:78)
	at org.apache.catalina.connector.CoyoteAdapter.service(CoyoteAdapter.java:360)
	at org.apache.coyote.http11.Http11Processor.service(Http11Processor.java:399)
	at org.apache.coyote.AbstractProcessorLight.process(AbstractProcessorLight.java:65)
	at org.apache.coyote.AbstractProtocol$ConnectionHandler.process(AbstractProtocol.java:890)
	at org.apache.tomcat.util.net.NioEndpoint$SocketProcessor.doRun(NioEndpoint.java:1787)
	at org.apache.tomcat.util.net.SocketProcessorBase.run(SocketProcessorBase.java:49)
	at org.apache.tomcat.util.threads.ThreadPoolExecutor.runWorker(ThreadPoolExecutor.java:1191)
	at org.apache.tomcat.util.threads.ThreadPoolExecutor$Worker.run(ThreadPoolExecutor.java:659)
	at org.apache.tomcat.util.threads.TaskThread$WrappingRunnable.run(TaskThread.java:61)
	at java.base/java.lang.Thread.run(Thread.java:833)
2022-08-14 19:24:31,483 INFO org.hibernate.jpa.internal.util.LogHelper [http-nio-8080-exec-7] HHH000204: Processing PersistenceUnitInfo [
	name: persistenceUnitName
	...]
2022-08-14 19:24:31,529 WARN org.hibernate.engine.jdbc.connections.internal.DriverManagerConnectionProviderImpl [http-nio-8080-exec-7] HHH10001002: Using Hibernate built-in connection pool (not for production use!)
2022-08-14 19:24:31,531 INFO org.hibernate.engine.jdbc.connections.internal.DriverManagerConnectionProviderImpl [http-nio-8080-exec-7] HHH10001005: using driver [null] at URL [jdbc:postgresql://localhost:5432/budget]
2022-08-14 19:24:31,531 INFO org.hibernate.engine.jdbc.connections.internal.DriverManagerConnectionProviderImpl [http-nio-8080-exec-7] HHH10001001: Connection properties: {password=****, user=postgres}
2022-08-14 19:24:31,531 INFO org.hibernate.engine.jdbc.connections.internal.DriverManagerConnectionProviderImpl [http-nio-8080-exec-7] HHH10001003: Autocommit mode: false
2022-08-14 19:24:31,536 INFO org.hibernate.engine.jdbc.connections.internal.DriverManagerConnectionProviderImpl$PooledConnections [http-nio-8080-exec-7] HHH000115: Hibernate connection pool size: 20 (min=1)
2022-08-14 19:24:31,589 INFO org.hibernate.dialect.Dialect [http-nio-8080-exec-7] HHH000400: Using dialect: org.hibernate.dialect.PostgreSQL95Dialect
2022-08-14 19:24:31,633 INFO org.hibernate.type.BasicTypeRegistry [http-nio-8080-exec-7] HHH000270: Type registration [java.util.UUID] overrides previous : org.hibernate.type.UUIDBinaryType@76134b9b
2022-08-14 19:24:31,662 INFO org.hibernate.resource.transaction.backend.jdbc.internal.DdlTransactionIsolatorNonJtaImpl [http-nio-8080-exec-7] HHH10001501: Connection obtained from JdbcConnectionAccess [org.hibernate.engine.jdbc.env.internal.JdbcEnvironmentInitiator$ConnectionProviderJdbcConnectionAccess@5dc93fac] for (non-JTA) DDL execution was not in auto-commit mode; the Connection 'local transaction' will be committed and the Connection will be set into auto-commit mode.
2022-08-14 19:24:31,714 INFO org.hibernate.engine.transaction.jta.platform.internal.JtaPlatformInitiator [http-nio-8080-exec-7] HHH000490: Using JtaPlatform implementation: [org.hibernate.engine.transaction.jta.platform.internal.NoJtaPlatform]
2022-08-14 19:24:49,078 ERROR com.sandbox.exception.handler.RestControllerAdviceHandler [http-nio-8080-exec-7] Server exception: class java.lang.String cannot be cast to class org.springframework.security.core.userdetails.UserDetails (java.lang.String is in module java.base of loader 'bootstrap'; org.springframework.security.core.userdetails.UserDetails is in unnamed module of loader 'app')
2022-08-14 19:24:49,132 INFO org.springframework.orm.jpa.AbstractEntityManagerFactoryBean [SpringApplicationShutdownHook] Closing JPA EntityManagerFactory for persistence unit 'default'
2022-08-14 19:24:49,134 INFO com.zaxxer.hikari.HikariDataSource [SpringApplicationShutdownHook] HikariPool-1 - Shutdown initiated...
2022-08-14 19:24:49,156 INFO com.zaxxer.hikari.HikariDataSource [SpringApplicationShutdownHook] HikariPool-1 - Shutdown completed.
2022-08-14 19:24:55,305 INFO org.springframework.boot.StartupInfoLogger [main] Starting BudgetApplication using Java 17.0.3 on jannet-K56CM with PID 17822 (/home/jannet/IdeaProjects/sandboxTeam3A/rest/target/classes started by jannet in /home/jannet/IdeaProjects/sandboxTeam3A)
2022-08-14 19:24:55,310 INFO org.springframework.boot.SpringApplication [main] No active profile set, falling back to 1 default profile: "default"
2022-08-14 19:24:56,329 INFO org.springframework.data.repository.config.RepositoryConfigurationDelegate [main] Bootstrapping Spring Data JPA repositories in DEFAULT mode.
2022-08-14 19:24:56,466 INFO org.springframework.data.repository.config.RepositoryConfigurationDelegate [main] Finished Spring Data repository scanning in 127 ms. Found 7 JPA repository interfaces.
2022-08-14 19:24:57,431 INFO org.springframework.boot.web.embedded.tomcat.TomcatWebServer [main] Tomcat initialized with port(s): 8080 (http)
2022-08-14 19:24:57,440 INFO org.apache.juli.logging.DirectJDKLog [main] Initializing ProtocolHandler ["http-nio-8080"]
2022-08-14 19:24:57,441 INFO org.apache.juli.logging.DirectJDKLog [main] Starting service [Tomcat]
2022-08-14 19:24:57,441 INFO org.apache.juli.logging.DirectJDKLog [main] Starting Servlet engine: [Apache Tomcat/9.0.64]
2022-08-14 19:24:57,544 INFO org.apache.juli.logging.DirectJDKLog [main] Initializing Spring embedded WebApplicationContext
2022-08-14 19:24:57,545 INFO org.springframework.boot.web.servlet.context.ServletWebServerApplicationContext [main] Root WebApplicationContext: initialization completed in 2094 ms
2022-08-14 19:24:57,793 INFO org.hibernate.jpa.internal.util.LogHelper [main] HHH000204: Processing PersistenceUnitInfo [
	name: default
	...]
2022-08-14 19:24:57,859 INFO org.hibernate.Version [main] HHH000412: Hibernate Core {5.4.0.Final}
2022-08-14 19:24:57,861 INFO org.hibernate.cfg.Environment [main] HHH000206: hibernate.properties not found
2022-08-14 19:24:58,049 INFO org.hibernate.annotations.common.reflection.java.JavaReflectionManager [main] HCANN000001: Hibernate Commons Annotations {5.1.0.Final}
2022-08-14 19:24:58,171 INFO com.zaxxer.hikari.HikariDataSource [main] HikariPool-1 - Starting...
2022-08-14 19:24:58,491 INFO com.zaxxer.hikari.HikariDataSource [main] HikariPool-1 - Start completed.
2022-08-14 19:24:58,509 INFO org.hibernate.dialect.Dialect [main] HHH000400: Using dialect: org.hibernate.dialect.PostgreSQLDialect
2022-08-14 19:24:58,614 INFO org.hibernate.type.BasicTypeRegistry [main] HHH000270: Type registration [java.util.UUID] overrides previous : org.hibernate.type.UUIDBinaryType@3d132bb6
2022-08-14 19:24:59,379 INFO org.hibernate.engine.transaction.jta.platform.internal.JtaPlatformInitiator [main] HHH000490: Using JtaPlatform implementation: [org.hibernate.engine.transaction.jta.platform.internal.NoJtaPlatform]
2022-08-14 19:24:59,382 INFO org.springframework.orm.jpa.AbstractEntityManagerFactoryBean [main] Initialized JPA EntityManagerFactory for persistence unit 'default'
2022-08-14 19:25:00,161 INFO org.hibernate.hql.internal.QueryTranslatorFactoryInitiator [main] HHH000397: Using ASTQueryTranslatorFactory
2022-08-14 19:25:00,315 INFO org.apache.juli.logging.DirectJDKLog [main] Starting ProtocolHandler ["http-nio-8080"]
2022-08-14 19:25:00,329 INFO org.springframework.boot.web.embedded.tomcat.TomcatWebServer [main] Tomcat started on port(s): 8080 (http) with context path ''
2022-08-14 19:25:00,348 WARN org.springframework.boot.autoconfigure.orm.jpa.JpaBaseConfiguration$JpaWebConfiguration [main] spring.jpa.open-in-view is enabled by default. Therefore, database queries may be performed during view rendering. Explicitly configure spring.jpa.open-in-view to disable this warning
2022-08-14 19:25:00,389 INFO org.springframework.boot.StartupInfoLogger [main] Started BudgetApplication in 5.898 seconds (JVM running for 6.81)
2022-08-14 19:25:16,409 INFO org.apache.juli.logging.DirectJDKLog [http-nio-8080-exec-2] Initializing Spring DispatcherServlet 'dispatcherServlet'
2022-08-14 19:25:16,410 INFO org.springframework.web.servlet.FrameworkServlet [http-nio-8080-exec-2] Initializing Servlet 'dispatcherServlet'
2022-08-14 19:25:16,645 INFO org.springframework.web.servlet.FrameworkServlet [http-nio-8080-exec-2] Completed initialization in 235 ms
2022-08-14 19:25:16,798 INFO org.springframework.security.web.DefaultSecurityFilterChain [http-nio-8080-exec-2] Will secure any request with [org.springframework.security.web.session.DisableEncodeUrlFilter@1d9f92b1, org.springframework.security.web.context.request.async.WebAsyncManagerIntegrationFilter@7ca8ff94, org.springframework.security.web.context.SecurityContextPersistenceFilter@622cfcef, org.springframework.security.web.header.HeaderWriterFilter@182fdb0e, org.springframework.security.web.authentication.logout.LogoutFilter@7f93d8be, com.sandbox.config.jwt.JwtTokenFilter@4930213b, org.springframework.security.web.savedrequest.RequestCacheAwareFilter@44d319c7, org.springframework.security.web.servletapi.SecurityContextHolderAwareRequestFilter@35fce261, org.springframework.security.web.authentication.AnonymousAuthenticationFilter@4e4a2fbd, org.springframework.security.web.session.SessionManagementFilter@7cdd5648, org.springframework.security.web.access.ExceptionTranslationFilter@4e7b0759]
2022-08-14 19:25:38,778 INFO org.hibernate.jpa.internal.util.LogHelper [http-nio-8080-exec-4] HHH000204: Processing PersistenceUnitInfo [
	name: persistenceUnitName
	...]
2022-08-14 19:25:38,817 WARN org.hibernate.engine.jdbc.connections.internal.DriverManagerConnectionProviderImpl [http-nio-8080-exec-4] HHH10001002: Using Hibernate built-in connection pool (not for production use!)
2022-08-14 19:25:38,818 INFO org.hibernate.engine.jdbc.connections.internal.DriverManagerConnectionProviderImpl [http-nio-8080-exec-4] HHH10001005: using driver [null] at URL [jdbc:postgresql://localhost:5432/budget]
2022-08-14 19:25:38,819 INFO org.hibernate.engine.jdbc.connections.internal.DriverManagerConnectionProviderImpl [http-nio-8080-exec-4] HHH10001001: Connection properties: {password=****, user=postgres}
2022-08-14 19:25:38,819 INFO org.hibernate.engine.jdbc.connections.internal.DriverManagerConnectionProviderImpl [http-nio-8080-exec-4] HHH10001003: Autocommit mode: false
2022-08-14 19:25:38,821 INFO org.hibernate.engine.jdbc.connections.internal.DriverManagerConnectionProviderImpl$PooledConnections [http-nio-8080-exec-4] HHH000115: Hibernate connection pool size: 20 (min=1)
2022-08-14 19:25:38,865 INFO org.hibernate.dialect.Dialect [http-nio-8080-exec-4] HHH000400: Using dialect: org.hibernate.dialect.PostgreSQL95Dialect
2022-08-14 19:25:38,899 INFO org.hibernate.type.BasicTypeRegistry [http-nio-8080-exec-4] HHH000270: Type registration [java.util.UUID] overrides previous : org.hibernate.type.UUIDBinaryType@3d132bb6
2022-08-14 19:25:38,921 INFO org.hibernate.resource.transaction.backend.jdbc.internal.DdlTransactionIsolatorNonJtaImpl [http-nio-8080-exec-4] HHH10001501: Connection obtained from JdbcConnectionAccess [org.hibernate.engine.jdbc.env.internal.JdbcEnvironmentInitiator$ConnectionProviderJdbcConnectionAccess@2fdac271] for (non-JTA) DDL execution was not in auto-commit mode; the Connection 'local transaction' will be committed and the Connection will be set into auto-commit mode.
2022-08-14 19:25:38,946 INFO org.hibernate.engine.transaction.jta.platform.internal.JtaPlatformInitiator [http-nio-8080-exec-4] HHH000490: Using JtaPlatform implementation: [org.hibernate.engine.transaction.jta.platform.internal.NoJtaPlatform]
2022-08-14 19:25:38,963 ERROR com.sandbox.exception.handler.RestControllerAdviceHandler [http-nio-8080-exec-4] Server exception: class java.lang.String cannot be cast to class org.springframework.security.core.userdetails.UserDetails (java.lang.String is in module java.base of loader 'bootstrap'; org.springframework.security.core.userdetails.UserDetails is in unnamed module of loader 'app')
2022-08-14 19:25:50,417 ERROR com.sandbox.exception.handler.RestControllerAdviceHandler [http-nio-8080-exec-6] Server exception: class java.lang.String cannot be cast to class org.springframework.security.core.userdetails.UserDetails (java.lang.String is in module java.base of loader 'bootstrap'; org.springframework.security.core.userdetails.UserDetails is in unnamed module of loader 'app')
2022-08-14 19:36:53,784 INFO org.springframework.orm.jpa.AbstractEntityManagerFactoryBean [SpringApplicationShutdownHook] Closing JPA EntityManagerFactory for persistence unit 'default'
2022-08-14 19:36:53,786 INFO com.zaxxer.hikari.HikariDataSource [SpringApplicationShutdownHook] HikariPool-1 - Shutdown initiated...
2022-08-14 19:36:53,801 INFO com.zaxxer.hikari.HikariDataSource [SpringApplicationShutdownHook] HikariPool-1 - Shutdown completed.
